\BOOKMARK [0][-]{section*.1}{\376\377\000I\000n\000d\000h\000o\000l\000d}{}% 1
\BOOKMARK [0][-]{section*.2}{\376\377\000F\000i\000g\000u\000r\000e\000r}{}% 2
\BOOKMARK [0][-]{section*.3}{\376\377\000T\000a\000b\000e\000l\000l\000e\000r}{}% 3
\BOOKMARK [0][-]{chapter*.4}{\376\377\000F\000o\000r\000o\000r\000d}{}% 4
\BOOKMARK [-1][-]{part.1}{\376\377\000I\000n\000t\000r\000o\000d\000u\000k\000t\000i\000o\000n\000\040\000o\000g\000\040\000l\000i\000t\000t\000e\000r\000\346\000r\000t\000\040\000o\000v\000e\000r\000b\000l\000i\000k}{}% 5
\BOOKMARK [0][-]{chapter.1}{\376\377\000I\000n\000d\000l\000e\000d\000n\000i\000n\000g}{part.1}% 6
\BOOKMARK [1][-]{section.1.1}{\376\377\000P\000r\000o\000b\000l\000e\000m\000f\000o\000r\000m\000u\000l\000e\000r\000i\000n\000g}{chapter.1}% 7
\BOOKMARK [1][-]{section.1.2}{\376\377\000A\000f\000g\000r\000\346\000n\000s\000n\000i\000n\000g}{chapter.1}% 8
\BOOKMARK [1][-]{section.1.3}{\376\377\000E\000k\000s\000i\000s\000t\000e\000r\000e\000n\000d\000e\000\040\000l\000i\000t\000t\000e\000r\000a\000t\000u\000r}{chapter.1}% 9
\BOOKMARK [1][-]{section.1.4}{\376\377\000O\000p\000b\000y\000g\000n\000i\000n\000g\000\040\000s\000a\000m\000t\000\040\000t\000e\000k\000n\000i\000s\000k\000e\000\040\000s\000p\000e\000c\000i\000f\000i\000k\000a\000t\000i\000o\000n\000e\000r}{chapter.1}% 10
\BOOKMARK [-1][-]{part.2}{\376\377\000D\000e\000n\000\040\000t\000e\000o\000r\000e\000t\000i\000s\000k\000e\000\040\000r\000a\000m\000m\000e}{}% 11
\BOOKMARK [0][-]{chapter.2}{\376\377\000U\000n\000d\000e\000r\000l\000\346\000g\000g\000e\000n\000d\000e\000\040\000t\000e\000o\000r\000i}{part.2}% 12
\BOOKMARK [1][-]{section.2.1}{\376\377\000D\000e\000n\000\040\000m\000y\000o\000p\000i\000s\000k\000e\000\040\000i\000n\000v\000e\000s\000t\000o\000r}{chapter.2}% 13
\BOOKMARK [1][-]{section.2.2}{\376\377\000P\000r\000\346\000f\000e\000r\000e\000n\000c\000e\000r\000\040\000f\000o\000r\000\040\000r\000i\000s\000i\000k\000o}{chapter.2}% 14
\BOOKMARK [1][-]{section.2.3}{\376\377\000N\000y\000t\000t\000e\000\040\000d\000e\000f\000i\000n\000e\000r\000e\000t\000\040\000o\000v\000e\000r\000\040\000f\000o\000r\000m\000u\000e}{chapter.2}% 15
\BOOKMARK [1][-]{section.2.4}{\376\377\000T\000y\000p\000e\000r\000\040\000a\000f\000\040\000n\000y\000t\000t\000e\000f\000u\000n\000k\000t\000i\000o\000n\000e\000r}{chapter.2}% 16
\BOOKMARK [2][-]{subsection.2.4.1}{\376\377\000K\000v\000a\000d\000r\000a\000t\000i\000s\000k\000\040\000n\000y\000t\000t\000e}{section.2.4}% 17
\BOOKMARK [2][-]{subsection.2.4.2}{\376\377\000E\000k\000s\000p\000o\000n\000e\000n\000t\000i\000e\000l\000\040\000n\000y\000t\000t\000e}{section.2.4}% 18
\BOOKMARK [2][-]{subsection.2.4.3}{\376\377\000P\000o\000t\000e\000n\000s\000\040\000n\000y\000t\000t\000e}{section.2.4}% 19
\BOOKMARK [2][-]{subsection.2.4.4}{\376\377\000S\000a\000m\000m\000e\000n\000l\000i\000g\000n\000i\000n\000g\000\040\000a\000f\000\040\000n\000y\000t\000t\000e\000f\000u\000n\000k\000t\000i\000o\000n\000e\000r}{section.2.4}% 20
\BOOKMARK [1][-]{section.2.5}{\376\377\000F\000o\000r\000d\000e\000l\000i\000n\000g\000\040\000a\000f\000\040\000a\000f\000k\000a\000s\000t}{chapter.2}% 21
\BOOKMARK [0][-]{chapter.3}{\376\377\000A\000f\000k\000a\000s\000t}{part.2}% 22
\BOOKMARK [0][-]{chapter.4}{\376\377\000P\000o\000r\000t\000e\000f\000\370\000l\000j\000e\000t\000e\000o\000r\000i}{part.2}% 23
\BOOKMARK [0][-]{chapter.5}{\376\377\000V\000A\000R}{part.2}% 24
\BOOKMARK [1][-]{section.5.1}{\376\377\000S\000\346\000t\000t\000e\000t\000\040\000a\000f\000\040\000i\000n\000v\000e\000s\000t\000e\000r\000i\000n\000g\000s\000m\000u\000l\000i\000g\000h\000e\000d\000e\000r}{chapter.5}% 25
\BOOKMARK [2][-]{subsection.5.1.1}{\376\377\000A\000f\000k\000a\000s\000t\000d\000y\000n\000a\000m\000i\000k\000k\000e\000n}{section.5.1}% 26
\BOOKMARK [2][-]{subsection.5.1.2}{\376\377\000B\000e\000t\000i\000n\000g\000e\000d\000e\000\040\000m\000o\000m\000e\000n\000t\000e\000r\000\040\000f\000o\000r\000\040\000k\000-\000p\000e\000r\000i\000o\000d\000e\000r}{section.5.1}% 27
\BOOKMARK [2][-]{subsection.5.1.3}{\376\377\000B\000e\000t\000i\000n\000g\000e\000d\000e\000\040\000m\000o\000m\000e\000n\000t\000e\000r\000\040\000f\000o\000r\000\040\000k\000-\000p\000e\000r\000i\000o\000d\000e\000\040\000a\000f\000k\000a\000s\000t}{section.5.1}% 28
\BOOKMARK [1][-]{section.5.2}{\376\377\000B\000i\000a\000s\000\040\000j\000u\000s\000t\000e\000r\000e\000t\000\040\000V\000A\000R\000-\000m\000o\000d\000e\000l}{chapter.5}% 29
\BOOKMARK [-1][-]{part.3}{\376\377\000D\000e\000n\000\040\000e\000m\000p\000i\000r\000i\000s\000k\000e\000\040\000a\000n\000a\000l\000y\000s\000e}{}% 30
\BOOKMARK [0][-]{chapter.6}{\376\377\000D\000a\000t\000a\000\040\000b\000e\000s\000k\000r\000i\000v\000e\000l\000s\000e}{part.3}% 31
\BOOKMARK [1][-]{section.6.1}{\376\377\000B\000e\000s\000k\000r\000i\000v\000e\000l\000s\000e\000\040\000a\000f\000\040\000a\000k\000t\000i\000v\000k\000l\000a\000s\000s\000e\000r}{chapter.6}% 32
\BOOKMARK [2][-]{subsection.6.1.1}{\376\377\000D\000e\000t\000\040\000r\000i\000s\000i\000k\000o\000f\000r\000i\000e\000\040\000a\000f\000k\000a\000s\000t\000\040\040\023\000\040\000r\000\137\000\173\000t\000+\0001\000\175\000\136\000\173\000\050\000\134\000t\000e\000x\000t\000n\000o\000r\000m\000a\000l\000\173\000r\000f\000\175\000\051\000\175}{section.6.1}% 33
\BOOKMARK [2][-]{subsection.6.1.2}{\376\377\000M\000e\000r\000a\000f\000k\000a\000s\000t\000e\000t\000\040\000p\000\345\000\040\000a\000k\000t\000i\000e\000r\000\040\040\023\000\040\000r\000\137\000\173\000t\000+\0001\000\175\000\136\000\173\000\050\000\134\000t\000e\000x\000t\000n\000o\000r\000m\000a\000l\000\173\000a\000\175\000\051\000\175}{section.6.1}% 34
\BOOKMARK [2][-]{subsection.6.1.3}{\376\377\000M\000e\000r\000a\000f\000k\000a\000s\000t\000e\000t\000\040\000p\000\345\000\040\000s\000t\000a\000t\000s\000o\000b\000l\000i\000g\000a\000t\000i\000o\000n\000e\000r\000\040\040\023\000\040\000r\000\137\000\173\000t\000+\0001\000\175\000\136\000\173\000\050\000\134\000t\000e\000x\000t\000n\000o\000r\000m\000a\000l\000\173\000s\000\175\000\051\000\175}{section.6.1}% 35
\BOOKMARK [2][-]{subsection.6.1.4}{\376\377\000M\000e\000r\000a\000f\000k\000a\000s\000t\000e\000t\000\040\000p\000\345\000\040\000v\000i\000r\000k\000s\000o\000m\000h\000e\000d\000s\000o\000b\000l\000i\000g\000a\000t\000i\000o\000n\000e\000\040\040\023\000\040\000r\000\137\000\173\000t\000+\0001\000\175\000\136\000\173\000\050\000\134\000t\000e\000x\000t\000n\000o\000r\000m\000a\000l\000\173\000v\000\175\000\051\000\175}{section.6.1}% 36
\BOOKMARK [1][-]{section.6.2}{\376\377\000T\000i\000l\000s\000t\000a\000n\000d\000s\000v\000a\000r\000i\000a\000b\000l\000e}{chapter.6}% 37
\BOOKMARK [1][-]{section.6.3}{\376\377\000K\000o\000r\000r\000e\000l\000a\000t\000i\000o\000n}{chapter.6}% 38
\BOOKMARK [1][-]{section.6.4}{\376\377\000O\000p\000s\000u\000m\000m\000e\000r\000i\000n\000g}{chapter.6}% 39
\BOOKMARK [0][-]{chapter.7}{\376\377\000P\000r\000\346\000d\000i\000k\000t\000a\000b\000i\000l\000i\000t\000e\000t}{part.3}% 40
\BOOKMARK [0][-]{chapter.8}{\376\377\000U\000n\000d\000e\000r\000l\000\346\000g\000g\000e\000n\000d\000e\000\040\000m\000o\000d\000e\000l}{part.3}% 41
\BOOKMARK [0][-]{chapter.9}{\376\377\000A\000l\000l\000o\000k\000e\000r\000i\000n\000g\000\040\000a\000f\000\040\000a\000k\000t\000i\000v\000e\000r}{part.3}% 42
\BOOKMARK [0][-]{chapter.10}{\376\377\000D\000i\000s\000k\000u\000s\000s\000i\000o\000n}{part.3}% 43
\BOOKMARK [0][-]{chapter.11}{\376\377\000K\000o\000n\000k\000l\000u\000s\000i\000o\000n}{part.3}% 44
\BOOKMARK [1][-]{section.11.1}{\376\377\000P\000r\000o\000b\000l\000e\000m\000e\000r\000\040\000v\000e\000d\000\040\000e\000s\000t\000i\000m\000a\000t\000i\000o\000n}{chapter.11}% 45
\BOOKMARK [-1][-]{part.4}{\376\377\000A\000p\000p\000e\000n\000d\000i\000k\000s}{}% 46
\BOOKMARK [0][-]{appendix.A}{\376\377\000A\000p\000p\000e\000n\000d\000i\000k\000s\000\040\000A}{part.4}% 47
\BOOKMARK [0][-]{appendix*.26}{\376\377\000L\000i\000t\000t\000e\000r\000a\000t\000u\000r}{part.4}% 48
