This is pdfTeX, Version 3.14159265-2.6-1.40.20 (TeX Live 2019/W32TeX) (preloaded format=pdflatex 2020.3.9)  26 MAR 2020 23:11
entering extended mode
 restricted \write18 enabled.
 %&-line parsing enabled.
**Master_Thesis_Andreas_Kracht_Frandsen.tex
(./Master_Thesis_Andreas_Kracht_Frandsen.tex
LaTeX2e <2020-02-02> patch level 5
L3 programming layer <2020-02-25> (c:/Users/AKF/AppData/Roaming/TinyTeX/texmf-d
ist/tex/latex/memoir/memoir.cls
Document Class: memoir 2019/11/21 v3.7j configurable book, report, article docu
ment class
\onelineskip=\skip47
\lxvchars=\skip48
\xlvchars=\skip49
\@memcnta=\count167
\c@@memmarkcntra=\count168
LaTeX Info: Redefining \InputIfFileExists on input line 140.
(c:/Users/AKF/AppData/Roaming/TinyTeX/texmf-dist/tex/generic/iftex/iftex.sty
Package: iftex 2019/11/07 v1.0c TeX engine tests
)
\stockheight=\skip50
\stockwidth=\skip51
\trimtop=\skip52
\trimedge=\skip53
(c:/Users/AKF/AppData/Roaming/TinyTeX/texmf-dist/tex/latex/memoir/mem10.clo
File: mem10.clo 2008/01/30 v0.3 memoir class 10pt size option
)
\binding=\skip54
\spinemargin=\skip55
\foremargin=\skip56
\uppermargin=\skip57
\lowermargin=\skip58
\headdrop=\skip59
\normalrulethickness=\skip60
\mem@maxheadheight=\skip61
\mem@maxfootheight=\skip62
\headwidth=\skip63
\c@storedpagenumber=\count169
\memPD=\dimen134
\m@mabparskip=\skip64
\thanksmarkwidth=\skip65
\thanksmarksep=\skip66
\droptitle=\skip67
\c@book=\count170
\c@part=\count171
\c@chapter=\count172
\c@section=\count173
\c@subsection=\count174
\c@subsubsection=\count175
\c@paragraph=\count176
\c@subparagraph=\count177
\beforechapskip=\skip68
\midchapskip=\skip69
\afterchapskip=\skip70
\chapindent=\skip71
\bottomsectionskip=\skip72
\secindent=\skip73
\beforesecskip=\skip74
\aftersecskip=\skip75
\subsecindent=\skip76
\beforesubsecskip=\skip77
\aftersubsecskip=\skip78
\subsubsecindent=\skip79
\beforesubsubsecskip=\skip80
\aftersubsubsecskip=\skip81
\paraindent=\skip82
\beforeparaskip=\skip83
\afterparaskip=\skip84
\subparaindent=\skip85
\beforesubparaskip=\skip86
\aftersubparaskip=\skip87
\pfbreakskip=\skip88
\c@@ppsavesec=\count178
\c@@ppsaveapp=\count179
\ragrparindent=\dimen135
\everylistparindent=\dimen136
\parsepi=\skip89
\topsepi=\skip90
\itemsepi=\skip91
\parsepii=\skip92
\topsepii=\skip93
\topsepiii=\skip94
\itemsepii=\skip95
\itemsepiii=\skip96
\partopsepii=\skip97
\partopsepiii=\skip98
\m@msavetopsep=\skip99
\m@msavepartopsep=\skip100
\@enLab=\toks15
\abstitleskip=\skip101
\absleftindent=\skip102
\abs@leftindent=\dimen137
\absrightindent=\skip103
\absparindent=\skip104
\absparsep=\skip105
\c@vslineno=\count180
\c@poemline=\count181
\c@modulo@vs=\count182
\c@memfvsline=\count183
\vleftskip=\skip106
\vrightskip=\skip107
\stanzaskip=\skip108
\versewidth=\skip109
\vgap=\skip110
\vindent=\skip111
\vleftmargin=\dimen138
\c@verse=\count184
\c@chrsinstr=\count185
\beforepoemtitleskip=\skip112
\afterpoemtitleskip=\skip113
\c@poem=\count186
\beforePoemTitleskip=\skip114
\midPoemTitleskip=\skip115
\afterPoemTitleskip=\skip116
(c:/Users/AKF/AppData/Roaming/TinyTeX/texmf-dist/tex/latex/tools/array.sty
Package: array 2019/08/31 v2.4l Tabular extension package (FMi)
\col@sep=\dimen139
\ar@mcellbox=\box45
\extrarowheight=\dimen140
\NC@list=\toks16
\extratabsurround=\skip117
\backup@length=\skip118
\ar@cellbox=\box46
) (c:/Users/AKF/AppData/Roaming/TinyTeX/texmf-dist/tex/latex/tools/dcolumn.sty
Package: dcolumn 2014/10/28 v1.06 decimal alignment package (DPC)
) (c:/Users/AKF/AppData/Roaming/TinyTeX/texmf-dist/tex/latex/tools/delarray.sty
Package: delarray 2014/10/28 v1.01 array delimiter package (DPC)
) (c:/Users/AKF/AppData/Roaming/TinyTeX/texmf-dist/tex/latex/tools/tabularx.sty
Package: tabularx 2020/01/15 v2.11c `tabularx' package (DPC)
\TX@col@width=\dimen141
\TX@old@table=\dimen142
\TX@old@col=\dimen143
\TX@target=\dimen144
\TX@delta=\dimen145
\TX@cols=\count187
\TX@ftn=\toks17
)
\heavyrulewidth=\dimen146
\lightrulewidth=\dimen147
\cmidrulewidth=\dimen148
\belowrulesep=\dimen149
\belowbottomsep=\dimen150
\aboverulesep=\dimen151
\abovetopsep=\dimen152
\cmidrulesep=\dimen153
\cmidrulekern=\dimen154
\defaultaddspace=\dimen155
\@cmidla=\count188
\@cmidlb=\count189
\@aboverulesep=\dimen156
\@belowrulesep=\dimen157
\@thisruleclass=\count190
\@lastruleclass=\count191
\@thisrulewidth=\dimen158
\ctableftskip=\skip119
\ctabrightskip=\skip120
\abovecolumnspenalty=\count192
\@linestogo=\count193
\@cellstogo=\count194
\@cellsincolumn=\count195
\crtok=\toks18
\@mincolumnwidth=\dimen159
\c@newflo@tctr=\count196
\mem@margin@floatbox=\box47
\@contcwidth=\skip121
\@contindw=\skip122
\abovecaptionskip=\skip123
\belowcaptionskip=\skip124
\subfloattopskip=\skip125
\subfloatcapskip=\skip126
\subfloatcaptopadj=\skip127
\subfloatbottomskip=\skip128
\subfloatlabelskip=\skip129
\subfloatcapmargin=\dimen160
\c@@contsubnum=\count197
\m@mscap@capbox=\box48
\m@mscap@fbox=\box49
\sidecapsep=\dimen161
\sidecapwidth=\dimen162
\m@m@tempdima=\dimen163
\m@mscapraise=\dimen164
\sidecapraise=\dimen165
\m@mscapmainwidth=\dimen166
\m@mscaplkern=\dimen167
\beforeepigraphskip=\skip130
\afterepigraphskip=\skip131
\epigraphwidth=\skip132
\epigraphrule=\skip133
LaTeX Info: Redefining \em on input line 7662.
LaTeX Info: Redefining \emph on input line 7670.
\tocentryskip=\skip134
\tocbaseline=\skip135
\cftparskip=\skip136
\cftbeforebookskip=\skip137
\cftbookindent=\dimen168
\cftbooknumwidth=\dimen169
\cftbeforepartskip=\skip138
\cftpartindent=\skip139
\cftpartnumwidth=\skip140
\cftbeforechapterskip=\skip141
\cftchapterindent=\skip142
\cftchapternumwidth=\skip143
\cftbeforesectionskip=\skip144
\cftsectionindent=\skip145
\cftsectionnumwidth=\skip146
\cftbeforesubsectionskip=\skip147
\cftsubsectionindent=\skip148
\cftsubsectionnumwidth=\skip149
\cftbeforesubsubsectionskip=\skip150
\cftsubsubsectionindent=\skip151
\cftsubsubsectionnumwidth=\skip152
\cftbeforeparagraphskip=\skip153
\cftparagraphindent=\skip154
\cftparagraphnumwidth=\skip155
\cftbeforesubparagraphskip=\skip156
\cftsubparagraphindent=\skip157
\cftsubparagraphnumwidth=\skip158
\prechapterprecisshift=\dimen170
\c@maxsecnumdepth=\count198
\bibindent=\dimen171
\bibitemsep=\skip159
\indexcolsep=\skip160
\indexrule=\skip161
\indexmarkstyle=\toks19
\@indexbox=\insert199
\glossarycolsep=\dimen172
\glossaryrule=\dimen173
\sideparvshift=\skip162
\sideins=\insert252
\sidebartopsep=\skip163
\sidebarhsep=\skip164
\sidebarvsep=\skip165
\sidebarwidth=\skip166
\footmarkwidth=\skip167
\footmarksep=\skip168
\footparindent=\skip169
\footinsdim=\skip170
\footinsv@r=\insert251
\@mpfootinsv@r=\insert250
\m@m@k=\count266
\m@m@h=\dimen174
\m@mipn@skip=\skip171
\sidefootins=\insert249
\sidefootadjust=\skip172
\sidefootheight=\skip173
\sidefoothsep=\skip174
\sidefootvsep=\skip175
\sidefootwidth=\skip176
\m@mdownsf=\skip177
\c@sidefootnote=\count267
\sidefootmarkwidth=\skip178
\sidefootmarksep=\skip179
\sidefootparindent=\skip180
\c@pagenote=\count268
\c@pagenoteshadow=\count269
\mem@pn@lastkern=\skip181
\every@verbatim=\toks20
\afterevery@verbatim=\toks21
\verbatim@line=\toks22
\tab@position=\count270
\verbatim@in@stream=\read2
\verbatimindent=\skip182
\verbatim@out=\write3
\bvboxsep=\skip183
\c@memfbvline=\count271
\c@bvlinectr=\count272
\bvnumlength=\skip184
\fb@frw=\dimen175
\fb@frh=\dimen176
\FrameRule=\dimen177
\FrameSep=\dimen178
\c@cp@cntr=\count273
LaTeX Info: Redefining \: on input line 12187.
LaTeX Info: Redefining \! on input line 12189.
\c@ism@mctr=\count274
\c@xsm@mctr=\count275
\c@csm@mctr=\count276
\c@ksm@mctr=\count277
\c@xksm@mctr=\count278
\c@cksm@mctr=\count279
\c@msm@mctr=\count280
\c@xmsm@mctr=\count281
\c@cmsm@mctr=\count282
\c@bsm@mctr=\count283
\c@workm@mctr=\count284
\c@sheetsequence=\count285
\c@lastsheet=\count286
\c@lastpage=\count287

Class memoir Warning: Haven't found the textcase package,
(memoir)              resorting to embedded copy of v0.07 (2004/10/07),
(memoir)              consider installing the textcase package on input line 12
973.

\c@figure=\count288
\c@lofdepth=\count289
\cftbeforefigureskip=\skip185
\cftfigureindent=\skip186
\cftfigurenumwidth=\skip187
\c@table=\count290
\c@lotdepth=\count291
\cftbeforetableskip=\skip188
\cfttableindent=\skip189
\cfttablenumwidth=\skip190
Package abstract [2008/07/23] emulated by memoir.
Package appendix [2008/07/23] emulated by memoir.
Package booktabs [2016/05/16] emulated by memoir.
Package ccaption [2008/07/23] emulated by memoir.
Package changepage [2008/07/23] emulated by memoir.
Package chngcntr [2008/07/23] emulated by memoir.
Package chngpage [2008/07/23] emulated by memoir.
Package crop emulated by memoir.
Package enumerate [2008/07/23] emulated by memoir.
Package epigraph [2008/07/23] emulated by memoir.
Package ifmtarg [2008/07/23] emulated by memoir.
Package index [2008/07/23] emulated by memoir.
Package makeidx [2008/07/23] emulated by memoir.
Package moreverb [2008/07/23] emulated by memoir.
Package mparhack [2008/07/23] emulated by memoir.
Package needspace [2008/07/23] emulated by memoir.
Package newfile [2008/07/23] emulated by memoir.
Package nextpage [2008/07/23] emulated by memoir.
Package pagenote [2008/07/23] emulated by memoir.
Package parskip [2008/07/23] emulated by memoir.
Package patchcmd [2008/07/23] emulated by memoir.
Package setspace [2008/07/23] emulated by memoir.
Package shortvrb [2008/07/23] emulated by memoir.
Package showidx [2008/07/23] emulated by memoir.
Package titleref [2008/07/23] emulated by memoir.
Package titling [2008/07/23] emulated by memoir.
Package tocbibind [2008/07/23] emulated by memoir.
Package tocloft [2008/07/23] emulated by memoir.
Package tocvsec2 [2008/07/23] emulated by memoir.
Package verbatim [2008/07/23] emulated by memoir.
Package verse [2008/07/23] emulated by memoir.
) (c:/Users/AKF/AppData/Roaming/TinyTeX/texmf-dist/tex/latex/psnfss/mathpazo.st
y
Package: mathpazo 2005/04/12 PSNFSS-v9.2a Palatino w/ Pazo Math (D.Puga, WaS) 
\symupright=\mathgroup4
)
(c:/Users/AKF/AppData/Roaming/TinyTeX/texmf-dist/tex/latex/amsfonts/amssymb.sty
Package: amssymb 2013/01/14 v3.01 AMS font symbols

(c:/Users/AKF/AppData/Roaming/TinyTeX/texmf-dist/tex/latex/amsfonts/amsfonts.st
y
Package: amsfonts 2013/01/14 v3.01 Basic AMSFonts support
\@emptytoks=\toks23
\symAMSa=\mathgroup5
\symAMSb=\mathgroup6
LaTeX Font Info:    Redeclaring math symbol \hbar on input line 98.
LaTeX Font Info:    Overwriting math alphabet `\mathfrak' in version `bold'
(Font)                  U/euf/m/n --> U/euf/b/n on input line 106.
)) (c:/Users/AKF/AppData/Roaming/TinyTeX/texmf-dist/tex/latex/amsmath/amsmath.s
ty
Package: amsmath 2020/01/20 v2.17e AMS math features
\@mathmargin=\skip191
For additional information on amsmath, use the `?' option.
(c:/Users/AKF/AppData/Roaming/TinyTeX/texmf-dist/tex/latex/amsmath/amstext.sty
Package: amstext 2000/06/29 v2.01 AMS text
(c:/Users/AKF/AppData/Roaming/TinyTeX/texmf-dist/tex/latex/amsmath/amsgen.sty
File: amsgen.sty 1999/11/30 v2.0 generic functions
\@emptytoks=\toks24
\ex@=\dimen179
)) (c:/Users/AKF/AppData/Roaming/TinyTeX/texmf-dist/tex/latex/amsmath/amsbsy.st
y
Package: amsbsy 1999/11/29 v1.2d Bold Symbols
\pmbraise@=\dimen180
) (c:/Users/AKF/AppData/Roaming/TinyTeX/texmf-dist/tex/latex/amsmath/amsopn.sty
Package: amsopn 2016/03/08 v2.02 operator names
)
\inf@bad=\count292
LaTeX Info: Redefining \frac on input line 227.
\uproot@=\count293
\leftroot@=\count294
LaTeX Info: Redefining \overline on input line 389.
\classnum@=\count295
\DOTSCASE@=\count296
LaTeX Info: Redefining \ldots on input line 486.
LaTeX Info: Redefining \dots on input line 489.
LaTeX Info: Redefining \cdots on input line 610.
\Mathstrutbox@=\box50
\strutbox@=\box51
\big@size=\dimen181
LaTeX Font Info:    Redeclaring font encoding OML on input line 733.
LaTeX Font Info:    Redeclaring font encoding OMS on input line 734.
\macc@depth=\count297
\c@MaxMatrixCols=\count298
\dotsspace@=\muskip16
\c@parentequation=\count299
\dspbrk@lvl=\count300
\tag@help=\toks25
\row@=\count301
\column@=\count302
\maxfields@=\count303
\andhelp@=\toks26
\eqnshift@=\dimen182
\alignsep@=\dimen183
\tagshift@=\dimen184
\tagwidth@=\dimen185
\totwidth@=\dimen186
\lineht@=\dimen187
\@envbody=\toks27
\multlinegap=\skip192
\multlinetaggap=\skip193
\mathdisplay@stack=\toks28
LaTeX Info: Redefining \[ on input line 2859.
LaTeX Info: Redefining \] on input line 2860.
) (c:/Users/AKF/AppData/Roaming/TinyTeX/texmf-dist/tex/generic/iftex/ifxetex.st
y
Package: ifxetex 2019/10/25 v0.7 ifxetex legacy package. Use iftex instead.
)
(c:/Users/AKF/AppData/Roaming/TinyTeX/texmf-dist/tex/generic/iftex/ifluatex.sty
Package: ifluatex 2019/10/25 v1.5 ifluatex legacy package. Use iftex instead.
) (c:/Users/AKF/AppData/Roaming/TinyTeX/texmf-dist/tex/latex/base/fixltx2e.sty
Package: fixltx2e 2016/12/29 v2.1a fixes to LaTeX (obsolete)
Applying: [2015/01/01] Old fixltx2e package on input line 46.

Package fixltx2e Warning: fixltx2e is not required with releases after 2015
(fixltx2e)                All fixes are now in the LaTeX kernel.
(fixltx2e)                See the latexrelease package for details.

Already applied: [0000/00/00] Old fixltx2e package on input line 53.
) (c:/Users/AKF/AppData/Roaming/TinyTeX/texmf-dist/tex/latex/base/fontenc.sty
Package: fontenc 2020/02/11 v2.0o Standard LaTeX package
LaTeX Font Info:    Trying to load font information for T1+ppl on input line 11
2.
(c:/Users/AKF/AppData/Roaming/TinyTeX/texmf-dist/tex/latex/psnfss/t1ppl.fd
File: t1ppl.fd 2001/06/04 font definitions for T1/ppl.
)) (c:/Users/AKF/AppData/Roaming/TinyTeX/texmf-dist/tex/latex/base/inputenc.sty
Package: inputenc 2018/08/11 v1.3c Input encoding file
\inpenc@prehook=\toks29
\inpenc@posthook=\toks30
) (c:/Users/AKF/AppData/Roaming/TinyTeX/texmf-dist/tex/latex/upquote/upquote.st
y
Package: upquote 2012/04/19 v1.3 upright-quote and grave-accent glyphs in verba
tim
(c:/Users/AKF/AppData/Roaming/TinyTeX/texmf-dist/tex/latex/base/textcomp.sty
Package: textcomp 2020/02/02 v2.0n Standard LaTeX package
))
(c:/Users/AKF/AppData/Roaming/TinyTeX/texmf-dist/tex/latex/hyperref/hyperref.st
y
Package: hyperref 2020/01/14 v7.00d Hypertext links for LaTeX

(c:/Users/AKF/AppData/Roaming/TinyTeX/texmf-dist/tex/generic/ltxcmds/ltxcmds.st
y
Package: ltxcmds 2019/12/15 v1.24 LaTeX kernel commands for general use (HO)
)
(c:/Users/AKF/AppData/Roaming/TinyTeX/texmf-dist/tex/latex/pdftexcmds/pdftexcmd
s.sty
Package: pdftexcmds 2019/11/24 v0.31 Utility functions of pdfTeX for LuaTeX (HO
)

(c:/Users/AKF/AppData/Roaming/TinyTeX/texmf-dist/tex/generic/infwarerr/infwarer
r.sty
Package: infwarerr 2019/12/03 v1.5 Providing info/warning/error messages (HO)
)
Package pdftexcmds Info: \pdf@primitive is available.
Package pdftexcmds Info: \pdf@ifprimitive is available.
Package pdftexcmds Info: \pdfdraftmode found.
) (c:/Users/AKF/AppData/Roaming/TinyTeX/texmf-dist/tex/latex/graphics/keyval.st
y
Package: keyval 2014/10/28 v1.15 key=value parser (DPC)
\KV@toks@=\toks31
)
(c:/Users/AKF/AppData/Roaming/TinyTeX/texmf-dist/tex/generic/kvsetkeys/kvsetkey
s.sty
Package: kvsetkeys 2019/12/15 v1.18 Key value parser (HO)
)
(c:/Users/AKF/AppData/Roaming/TinyTeX/texmf-dist/tex/generic/kvdefinekeys/kvdef
inekeys.sty
Package: kvdefinekeys 2019-12-19 v1.6 Define keys (HO)
)
(c:/Users/AKF/AppData/Roaming/TinyTeX/texmf-dist/tex/generic/pdfescape/pdfescap
e.sty
Package: pdfescape 2019/12/09 v1.15 Implements pdfTeX's escape features (HO)
) (c:/Users/AKF/AppData/Roaming/TinyTeX/texmf-dist/tex/latex/hycolor/hycolor.st
y
Package: hycolor 2020-01-27 v1.10 Color options for hyperref/bookmark (HO)
)
(c:/Users/AKF/AppData/Roaming/TinyTeX/texmf-dist/tex/latex/letltxmacro/letltxma
cro.sty
Package: letltxmacro 2019/12/03 v1.6 Let assignment for LaTeX macros (HO)
) (c:/Users/AKF/AppData/Roaming/TinyTeX/texmf-dist/tex/latex/auxhook/auxhook.st
y
Package: auxhook 2019-12-17 v1.6 Hooks for auxiliary files (HO)
)
(c:/Users/AKF/AppData/Roaming/TinyTeX/texmf-dist/tex/latex/kvoptions/kvoptions.
sty
Package: kvoptions 2019/11/29 v3.13 Key value format for package options (HO)
)
\@linkdim=\dimen188
\Hy@linkcounter=\count304
\Hy@pagecounter=\count305
(c:/Users/AKF/AppData/Roaming/TinyTeX/texmf-dist/tex/latex/hyperref/pd1enc.def
File: pd1enc.def 2020/01/14 v7.00d Hyperref: PDFDocEncoding definition (HO)
Now handling font encoding PD1 ...
... no UTF-8 mapping file for font encoding PD1
)
(c:/Users/AKF/AppData/Roaming/TinyTeX/texmf-dist/tex/generic/intcalc/intcalc.st
y
Package: intcalc 2019/12/15 v1.3 Expandable calculations with integers (HO)
)
(c:/Users/AKF/AppData/Roaming/TinyTeX/texmf-dist/tex/generic/etexcmds/etexcmds.
sty
Package: etexcmds 2019/12/15 v1.7 Avoid name clashes with e-TeX commands (HO)
)
\Hy@SavedSpaceFactor=\count306
\pdfmajorversion=\count307
Package hyperref Info: Hyper figures OFF on input line 4547.
Package hyperref Info: Link nesting OFF on input line 4552.
Package hyperref Info: Hyper index ON on input line 4555.
Package hyperref Info: Plain pages OFF on input line 4562.
Package hyperref Info: Backreferencing OFF on input line 4567.
Package hyperref Info: Implicit mode ON; LaTeX internals redefined.
Package hyperref Info: Bookmarks ON on input line 4800.
\c@Hy@tempcnt=\count308
(c:/Users/AKF/AppData/Roaming/TinyTeX/texmf-dist/tex/latex/url/url.sty
\Urlmuskip=\muskip17
Package: url 2013/09/16  ver 3.4  Verb mode for urls, etc.
)
LaTeX Info: Redefining \url on input line 5159.
\XeTeXLinkMargin=\dimen189
(c:/Users/AKF/AppData/Roaming/TinyTeX/texmf-dist/tex/generic/bitset/bitset.sty
Package: bitset 2019/12/09 v1.3 Handle bit-vector datatype (HO)

(c:/Users/AKF/AppData/Roaming/TinyTeX/texmf-dist/tex/generic/bigintcalc/bigintc
alc.sty
Package: bigintcalc 2019/12/15 v1.5 Expandable calculations on big integers (HO
)
))
\Fld@menulength=\count309
\Field@Width=\dimen190
\Fld@charsize=\dimen191
Package hyperref Info: Hyper figures OFF on input line 6430.
Package hyperref Info: Link nesting OFF on input line 6435.
Package hyperref Info: Hyper index ON on input line 6438.
Package hyperref Info: backreferencing OFF on input line 6445.
Package hyperref Info: Link coloring OFF on input line 6450.
Package hyperref Info: Link coloring with OCG OFF on input line 6455.
Package hyperref Info: PDF/A mode OFF on input line 6460.
LaTeX Info: Redefining \ref on input line 6500.
LaTeX Info: Redefining \pageref on input line 6504.

(c:/Users/AKF/AppData/Roaming/TinyTeX/texmf-dist/tex/generic/atbegshi/atbegshi.
sty
Package: atbegshi 2019/12/05 v1.19 At begin shipout hook (HO)
)
\Hy@abspage=\count310
\c@Item=\count311
\c@Hfootnote=\count312
) (c:/Users/AKF/AppData/Roaming/TinyTeX/texmf-dist/tex/latex/memoir/memhfixc.st
y
Package: memhfixc 2019/10/24 v1.18 nameref/hyperref package fixes for memoir cl
ass
\c@memhycontfloat=\count313
\c@Hpagenote=\count314
)
Package hyperref Info: Driver (autodetected): hpdftex.

(c:/Users/AKF/AppData/Roaming/TinyTeX/texmf-dist/tex/latex/hyperref/hpdftex.def
File: hpdftex.def 2020/01/14 v7.00d Hyperref driver for pdfTeX

(c:/Users/AKF/AppData/Roaming/TinyTeX/texmf-dist/tex/latex/atveryend/atveryend.
sty
Package: atveryend 2019-12-11 v1.11 Hooks at the very end of document (HO)
Package atveryend Info: \enddocument detected (standard20110627).
)
\Fld@listcount=\count315
\c@bookmark@seq@number=\count316

(c:/Users/AKF/AppData/Roaming/TinyTeX/texmf-dist/tex/latex/rerunfilecheck/rerun
filecheck.sty
Package: rerunfilecheck 2019/12/05 v1.9 Rerun checks for auxiliary files (HO)

(c:/Users/AKF/AppData/Roaming/TinyTeX/texmf-dist/tex/generic/uniquecounter/uniq
uecounter.sty
Package: uniquecounter 2019/12/15 v1.4 Provide unlimited unique counter (HO)
)
Package uniquecounter Info: New unique counter `rerunfilecheck' on input line 2
86.
)
\Hy@SectionHShift=\skip194
)
Package hyperref Info: Option `unicode' set `true' on input line 31.
(c:/Users/AKF/AppData/Roaming/TinyTeX/texmf-dist/tex/latex/hyperref/puenc.def
File: puenc.def 2020/01/14 v7.00d Hyperref: PDF Unicode definition (HO)
Now handling font encoding PU ...
... no UTF-8 mapping file for font encoding PU
)
Package hyperref Info: Option `colorlinks' set `true' on input line 31.
Package hyperref Info: Option `breaklinks' set `true' on input line 31.
(c:/Users/AKF/AppData/Roaming/TinyTeX/texmf-dist/tex/latex/natbib/natbib.sty
Package: natbib 2010/09/13 8.31b (PWD, AO)
\bibhang=\skip195
\bibsep=\skip196
LaTeX Info: Redefining \cite on input line 694.
\c@NAT@ctr=\count317
) (c:/Users/AKF/AppData/Roaming/TinyTeX/texmf-dist/tex/latex/tools/longtable.st
y
Package: longtable 2020/01/07 v4.13 Multi-page Table package (DPC)
\LTleft=\skip197
\LTright=\skip198
\LTpre=\skip256
\LTpost=\skip257
\LTchunksize=\count318
\LTcapwidth=\dimen192
\LT@head=\box52
\LT@firsthead=\box53
\LT@foot=\box54
\LT@lastfoot=\box55
\LT@cols=\count319
\LT@rows=\count320
\c@LT@tables=\count321
\c@LT@chunks=\count322
\LT@p@ftn=\toks32
)
(c:/Users/AKF/AppData/Roaming/TinyTeX/texmf-dist/tex/latex/graphics/graphicx.st
y
Package: graphicx 2019/11/30 v1.2a Enhanced LaTeX Graphics (DPC,SPQR)

(c:/Users/AKF/AppData/Roaming/TinyTeX/texmf-dist/tex/latex/graphics/graphics.st
y
Package: graphics 2019/11/30 v1.4a Standard LaTeX Graphics (DPC,SPQR)
(c:/Users/AKF/AppData/Roaming/TinyTeX/texmf-dist/tex/latex/graphics/trig.sty
Package: trig 2016/01/03 v1.10 sin cos tan (DPC)
)
(c:/Users/AKF/AppData/Roaming/TinyTeX/texmf-dist/tex/latex/graphics-cfg/graphic
s.cfg
File: graphics.cfg 2016/06/04 v1.11 sample graphics configuration
)
Package graphics Info: Driver file: pdftex.def on input line 105.

(c:/Users/AKF/AppData/Roaming/TinyTeX/texmf-dist/tex/latex/graphics-def/pdftex.
def
File: pdftex.def 2018/01/08 v1.0l Graphics/color driver for pdftex
))
\Gin@req@height=\dimen193
\Gin@req@width=\dimen194
) (c:/Users/AKF/AppData/Roaming/TinyTeX/texmf-dist/tex/latex/grffile/grffile.st
y
Package: grffile 2019/11/11 v2.1 Extended file name support for graphics (legac
y)
Package grffile Info: This package is an empty stub for compatibility on input 
line 40.
) (c:/Users/AKF/AppData/Roaming/TinyTeX/texmf-dist/tex/generic/babel/babel.sty
Package: babel 2020/02/28 3.41 The Babel package
(c:/Users/AKF/AppData/Roaming/TinyTeX/texmf-dist/tex/generic/babel/switch.def
File: switch.def 2020/02/28 3.41 Babel switching mechanism
)
(c:/Users/AKF/AppData/Roaming/TinyTeX/texmf-dist/tex/generic/babel-danish/danis
h.ldf
Language: danish 2009/09/19 v1.3r Danish support from the babel system
(c:/Users/AKF/AppData/Roaming/TinyTeX/texmf-dist/tex/generic/babel/babel.def
File: babel.def 2020/02/28 3.41 Babel common definitions
\babel@savecnt=\count323
\U@D=\dimen195

(c:/Users/AKF/AppData/Roaming/TinyTeX/texmf-dist/tex/generic/babel/txtbabel.def
)
\bbl@readstream=\read3
\bbl@dirlevel=\count324
)
Package babel Info: Making " an active character on input line 82.
))
(c:/Users/AKF/AppData/Roaming/TinyTeX/texmf-dist/tex/latex/mdwtools/footnote.st
y
Package: footnote 1997/01/28 1.13 Save footnotes around boxes
\fn@notes=\box56
\fn@width=\dimen196
) (c:/Users/AKF/AppData/Roaming/TinyTeX/texmf-dist/tex/latex/tools/bm.sty
Package: bm 2019/07/24 v1.2d Bold Symbol Support (DPC/FMi)
\symboldoperators=\mathgroup7
\symboldletters=\mathgroup8
\symboldsymbols=\mathgroup9
\symboldupright=\mathgroup10
LaTeX Font Info:    Redeclaring math alphabet \mathbf on input line 141.
LaTeX Info: Redefining \bm on input line 209.
)
(c:/Users/AKF/AppData/Roaming/TinyTeX/texmf-dist/tex/latex/footmisc/footmisc.st
y
Package: footmisc 2011/06/06 v5.5b a miscellany of footnote facilities
\FN@temptoken=\toks33
\footnotemargin=\dimen197
\c@pp@next@reset=\count325
Package footmisc Info: Declaring symbol style bringhurst on input line 855.
Package footmisc Info: Declaring symbol style chicago on input line 863.
Package footmisc Info: Declaring symbol style wiley on input line 872.
Package footmisc Info: Declaring symbol style lamport-robust on input line 883.

Package footmisc Info: Declaring symbol style lamport* on input line 903.
Package footmisc Info: Declaring symbol style lamport*-robust on input line 924
.
)
LaTeX Font Info:    Font shape `T1/ppl/bx/n' in size <20.74> not available
(Font)              Font shape `T1/ppl/b/n' tried instead on input line 101.

(c:/Users/AKF/AppData/Roaming/TinyTeX/texmf-dist/tex/latex/geometry/geometry.st
y
Package: geometry 2020/01/02 v5.9 Page Geometry
(c:/Users/AKF/AppData/Roaming/TinyTeX/texmf-dist/tex/generic/iftex/ifvtex.sty
Package: ifvtex 2019/10/25 v1.7 ifvtex legacy package. Use iftex instead.
)
\Gm@cnth=\count326
\Gm@cntv=\count327
\c@Gm@tempcnt=\count328
\Gm@bindingoffset=\dimen198
\Gm@wd@mp=\dimen256
\Gm@odd@mp=\dimen257
\Gm@even@mp=\dimen258
\Gm@layoutwidth=\dimen259
\Gm@layoutheight=\dimen260
\Gm@layouthoffset=\dimen261
\Gm@layoutvoffset=\dimen262
\Gm@dimlist=\toks34
) (c:/Users/AKF/AppData/Roaming/TinyTeX/texmf-dist/tex/latex/lipsum/lipsum.sty 
(c:/Users/AKF/AppData/Roaming/TinyTeX/texmf-dist/tex/latex/l3kernel/expl3.sty
Package: expl3 2020-02-25 L3 programming layer (loader) 

(c:/Users/AKF/AppData/Roaming/TinyTeX/texmf-dist/tex/latex/l3backend/l3backend-
pdfmode.def
File: l3backend-pdfmode.def 2020-02-23 L3 backend support: PDF mode
\l__kernel_color_stack_int=\count329
\l__pdf_internal_box=\box57
))
(c:/Users/AKF/AppData/Roaming/TinyTeX/texmf-dist/tex/latex/l3packages/xparse/xp
arse.sty
Package: xparse 2020-02-25 L3 Experimental document command parser
\l__xparse_current_arg_int=\count330
\g__xparse_grabber_int=\count331
\l__xparse_m_args_int=\count332
\l__xparse_v_nesting_int=\count333
)
Package: lipsum 2019/01/02 v2.2 150 paragraphs of Lorem Ipsum dummy text

(c:/Users/AKF/AppData/Roaming/TinyTeX/texmf-dist/tex/latex/lipsum/lipsum.ltd.te
x
File: lipsum.ltd.tex 2019/01/02 v2.2 The Lorem ipsum dummy text
))
(c:/Users/AKF/AppData/Roaming/TinyTeX/texmf-dist/tex/latex/pgf/frontendlayer/ti
kz.sty
(c:/Users/AKF/AppData/Roaming/TinyTeX/texmf-dist/tex/latex/pgf/basiclayer/pgf.s
ty
(c:/Users/AKF/AppData/Roaming/TinyTeX/texmf-dist/tex/latex/pgf/utilities/pgfrcs
.sty
(c:/Users/AKF/AppData/Roaming/TinyTeX/texmf-dist/tex/generic/pgf/utilities/pgfu
til-common.tex
\pgfutil@everybye=\toks35
\pgfutil@tempdima=\dimen263
\pgfutil@tempdimb=\dimen264

(c:/Users/AKF/AppData/Roaming/TinyTeX/texmf-dist/tex/generic/pgf/utilities/pgfu
til-common-lists.tex))
(c:/Users/AKF/AppData/Roaming/TinyTeX/texmf-dist/tex/generic/pgf/utilities/pgfu
til-latex.def
\pgfutil@abb=\box58
(c:/Users/AKF/AppData/Roaming/TinyTeX/texmf-dist/tex/latex/ms/everyshi.sty
Package: everyshi 2001/05/15 v3.00 EveryShipout Package (MS)
))
(c:/Users/AKF/AppData/Roaming/TinyTeX/texmf-dist/tex/generic/pgf/utilities/pgfr
cs.code.tex
(c:/Users/AKF/AppData/Roaming/TinyTeX/texmf-dist/tex/generic/pgf/pgf.revision.t
ex)
Package: pgfrcs 2020/01/08 v3.1.5b (3.1.5b)
))
Package: pgf 2020/01/08 v3.1.5b (3.1.5b)

(c:/Users/AKF/AppData/Roaming/TinyTeX/texmf-dist/tex/latex/pgf/basiclayer/pgfco
re.sty
(c:/Users/AKF/AppData/Roaming/TinyTeX/texmf-dist/tex/latex/pgf/systemlayer/pgfs
ys.sty
(c:/Users/AKF/AppData/Roaming/TinyTeX/texmf-dist/tex/generic/pgf/systemlayer/pg
fsys.code.tex
Package: pgfsys 2020/01/08 v3.1.5b (3.1.5b)

(c:/Users/AKF/AppData/Roaming/TinyTeX/texmf-dist/tex/generic/pgf/utilities/pgfk
eys.code.tex
\pgfkeys@pathtoks=\toks36
\pgfkeys@temptoks=\toks37

(c:/Users/AKF/AppData/Roaming/TinyTeX/texmf-dist/tex/generic/pgf/utilities/pgfk
eysfiltered.code.tex
\pgfkeys@tmptoks=\toks38
))
\pgf@x=\dimen265
\pgf@y=\dimen266
\pgf@xa=\dimen267
\pgf@ya=\dimen268
\pgf@xb=\dimen269
\pgf@yb=\dimen270
\pgf@xc=\dimen271
\pgf@yc=\dimen272
\pgf@xd=\dimen273
\pgf@yd=\dimen274
\w@pgf@writea=\write4
\r@pgf@reada=\read4
\c@pgf@counta=\count334
\c@pgf@countb=\count335
\c@pgf@countc=\count336
\c@pgf@countd=\count337
\t@pgf@toka=\toks39
\t@pgf@tokb=\toks40
\t@pgf@tokc=\toks41
\pgf@sys@id@count=\count338

(c:/Users/AKF/AppData/Roaming/TinyTeX/texmf-dist/tex/generic/pgf/systemlayer/pg
f.cfg
File: pgf.cfg 2020/01/08 v3.1.5b (3.1.5b)
)
Driver file for pgf: pgfsys-pdftex.def

(c:/Users/AKF/AppData/Roaming/TinyTeX/texmf-dist/tex/generic/pgf/systemlayer/pg
fsys-pdftex.def
File: pgfsys-pdftex.def 2020/01/08 v3.1.5b (3.1.5b)

(c:/Users/AKF/AppData/Roaming/TinyTeX/texmf-dist/tex/generic/pgf/systemlayer/pg
fsys-common-pdf.def
File: pgfsys-common-pdf.def 2020/01/08 v3.1.5b (3.1.5b)
)))
(c:/Users/AKF/AppData/Roaming/TinyTeX/texmf-dist/tex/generic/pgf/systemlayer/pg
fsyssoftpath.code.tex
File: pgfsyssoftpath.code.tex 2020/01/08 v3.1.5b (3.1.5b)
\pgfsyssoftpath@smallbuffer@items=\count339
\pgfsyssoftpath@bigbuffer@items=\count340
)
(c:/Users/AKF/AppData/Roaming/TinyTeX/texmf-dist/tex/generic/pgf/systemlayer/pg
fsysprotocol.code.tex
File: pgfsysprotocol.code.tex 2020/01/08 v3.1.5b (3.1.5b)
)) (c:/Users/AKF/AppData/Roaming/TinyTeX/texmf-dist/tex/latex/xcolor/xcolor.sty
Package: xcolor 2016/05/11 v2.12 LaTeX color extensions (UK)

(c:/Users/AKF/AppData/Roaming/TinyTeX/texmf-dist/tex/latex/graphics-cfg/color.c
fg
File: color.cfg 2016/01/02 v1.6 sample color configuration
)
Package xcolor Info: Driver file: pdftex.def on input line 225.
Package xcolor Info: Model `cmy' substituted by `cmy0' on input line 1348.
Package xcolor Info: Model `hsb' substituted by `rgb' on input line 1352.
Package xcolor Info: Model `RGB' extended on input line 1364.
Package xcolor Info: Model `HTML' substituted by `rgb' on input line 1366.
Package xcolor Info: Model `Hsb' substituted by `hsb' on input line 1367.
Package xcolor Info: Model `tHsb' substituted by `hsb' on input line 1368.
Package xcolor Info: Model `HSB' substituted by `hsb' on input line 1369.
Package xcolor Info: Model `Gray' substituted by `gray' on input line 1370.
Package xcolor Info: Model `wave' substituted by `hsb' on input line 1371.
)
(c:/Users/AKF/AppData/Roaming/TinyTeX/texmf-dist/tex/generic/pgf/basiclayer/pgf
core.code.tex
Package: pgfcore 2020/01/08 v3.1.5b (3.1.5b)

(c:/Users/AKF/AppData/Roaming/TinyTeX/texmf-dist/tex/generic/pgf/math/pgfmath.c
ode.tex
(c:/Users/AKF/AppData/Roaming/TinyTeX/texmf-dist/tex/generic/pgf/math/pgfmathca
lc.code.tex
(c:/Users/AKF/AppData/Roaming/TinyTeX/texmf-dist/tex/generic/pgf/math/pgfmathut
il.code.tex)
(c:/Users/AKF/AppData/Roaming/TinyTeX/texmf-dist/tex/generic/pgf/math/pgfmathpa
rser.code.tex
\pgfmath@dimen=\dimen275
\pgfmath@count=\count341
\pgfmath@box=\box59
\pgfmath@toks=\toks42
\pgfmath@stack@operand=\toks43
\pgfmath@stack@operation=\toks44
)
(c:/Users/AKF/AppData/Roaming/TinyTeX/texmf-dist/tex/generic/pgf/math/pgfmathfu
nctions.code.tex
(c:/Users/AKF/AppData/Roaming/TinyTeX/texmf-dist/tex/generic/pgf/math/pgfmathfu
nctions.basic.code.tex)
(c:/Users/AKF/AppData/Roaming/TinyTeX/texmf-dist/tex/generic/pgf/math/pgfmathfu
nctions.trigonometric.code.tex)
(c:/Users/AKF/AppData/Roaming/TinyTeX/texmf-dist/tex/generic/pgf/math/pgfmathfu
nctions.random.code.tex)
(c:/Users/AKF/AppData/Roaming/TinyTeX/texmf-dist/tex/generic/pgf/math/pgfmathfu
nctions.comparison.code.tex)
(c:/Users/AKF/AppData/Roaming/TinyTeX/texmf-dist/tex/generic/pgf/math/pgfmathfu
nctions.base.code.tex)
(c:/Users/AKF/AppData/Roaming/TinyTeX/texmf-dist/tex/generic/pgf/math/pgfmathfu
nctions.round.code.tex)
(c:/Users/AKF/AppData/Roaming/TinyTeX/texmf-dist/tex/generic/pgf/math/pgfmathfu
nctions.misc.code.tex)
(c:/Users/AKF/AppData/Roaming/TinyTeX/texmf-dist/tex/generic/pgf/math/pgfmathfu
nctions.integerarithmetics.code.tex)))
(c:/Users/AKF/AppData/Roaming/TinyTeX/texmf-dist/tex/generic/pgf/math/pgfmathfl
oat.code.tex
\c@pgfmathroundto@lastzeros=\count342
))
(c:/Users/AKF/AppData/Roaming/TinyTeX/texmf-dist/tex/generic/pgf/math/pgfint.co
de.tex)
(c:/Users/AKF/AppData/Roaming/TinyTeX/texmf-dist/tex/generic/pgf/basiclayer/pgf
corepoints.code.tex
File: pgfcorepoints.code.tex 2020/01/08 v3.1.5b (3.1.5b)
\pgf@picminx=\dimen276
\pgf@picmaxx=\dimen277
\pgf@picminy=\dimen278
\pgf@picmaxy=\dimen279
\pgf@pathminx=\dimen280
\pgf@pathmaxx=\dimen281
\pgf@pathminy=\dimen282
\pgf@pathmaxy=\dimen283
\pgf@xx=\dimen284
\pgf@xy=\dimen285
\pgf@yx=\dimen286
\pgf@yy=\dimen287
\pgf@zx=\dimen288
\pgf@zy=\dimen289
)
(c:/Users/AKF/AppData/Roaming/TinyTeX/texmf-dist/tex/generic/pgf/basiclayer/pgf
corepathconstruct.code.tex
File: pgfcorepathconstruct.code.tex 2020/01/08 v3.1.5b (3.1.5b)
\pgf@path@lastx=\dimen290
\pgf@path@lasty=\dimen291
)
(c:/Users/AKF/AppData/Roaming/TinyTeX/texmf-dist/tex/generic/pgf/basiclayer/pgf
corepathusage.code.tex
File: pgfcorepathusage.code.tex 2020/01/08 v3.1.5b (3.1.5b)
\pgf@shorten@end@additional=\dimen292
\pgf@shorten@start@additional=\dimen293
)
(c:/Users/AKF/AppData/Roaming/TinyTeX/texmf-dist/tex/generic/pgf/basiclayer/pgf
corescopes.code.tex
File: pgfcorescopes.code.tex 2020/01/08 v3.1.5b (3.1.5b)
\pgfpic=\box60
\pgf@hbox=\box61
\pgf@layerbox@main=\box62
\pgf@picture@serial@count=\count343
)
(c:/Users/AKF/AppData/Roaming/TinyTeX/texmf-dist/tex/generic/pgf/basiclayer/pgf
coregraphicstate.code.tex
File: pgfcoregraphicstate.code.tex 2020/01/08 v3.1.5b (3.1.5b)
\pgflinewidth=\dimen294
)
(c:/Users/AKF/AppData/Roaming/TinyTeX/texmf-dist/tex/generic/pgf/basiclayer/pgf
coretransformations.code.tex
File: pgfcoretransformations.code.tex 2020/01/08 v3.1.5b (3.1.5b)
\pgf@pt@x=\dimen295
\pgf@pt@y=\dimen296
\pgf@pt@temp=\dimen297
)
(c:/Users/AKF/AppData/Roaming/TinyTeX/texmf-dist/tex/generic/pgf/basiclayer/pgf
corequick.code.tex
File: pgfcorequick.code.tex 2020/01/08 v3.1.5b (3.1.5b)
)
(c:/Users/AKF/AppData/Roaming/TinyTeX/texmf-dist/tex/generic/pgf/basiclayer/pgf
coreobjects.code.tex
File: pgfcoreobjects.code.tex 2020/01/08 v3.1.5b (3.1.5b)
)
(c:/Users/AKF/AppData/Roaming/TinyTeX/texmf-dist/tex/generic/pgf/basiclayer/pgf
corepathprocessing.code.tex
File: pgfcorepathprocessing.code.tex 2020/01/08 v3.1.5b (3.1.5b)
)
(c:/Users/AKF/AppData/Roaming/TinyTeX/texmf-dist/tex/generic/pgf/basiclayer/pgf
corearrows.code.tex
File: pgfcorearrows.code.tex 2020/01/08 v3.1.5b (3.1.5b)
\pgfarrowsep=\dimen298
)
(c:/Users/AKF/AppData/Roaming/TinyTeX/texmf-dist/tex/generic/pgf/basiclayer/pgf
coreshade.code.tex
File: pgfcoreshade.code.tex 2020/01/08 v3.1.5b (3.1.5b)
\pgf@max=\dimen299
\pgf@sys@shading@range@num=\count344
\pgf@shadingcount=\count345
)
(c:/Users/AKF/AppData/Roaming/TinyTeX/texmf-dist/tex/generic/pgf/basiclayer/pgf
coreimage.code.tex
File: pgfcoreimage.code.tex 2020/01/08 v3.1.5b (3.1.5b)

(c:/Users/AKF/AppData/Roaming/TinyTeX/texmf-dist/tex/generic/pgf/basiclayer/pgf
coreexternal.code.tex
File: pgfcoreexternal.code.tex 2020/01/08 v3.1.5b (3.1.5b)
\pgfexternal@startupbox=\box63
))
(c:/Users/AKF/AppData/Roaming/TinyTeX/texmf-dist/tex/generic/pgf/basiclayer/pgf
corelayers.code.tex
File: pgfcorelayers.code.tex 2020/01/08 v3.1.5b (3.1.5b)
)
(c:/Users/AKF/AppData/Roaming/TinyTeX/texmf-dist/tex/generic/pgf/basiclayer/pgf
coretransparency.code.tex
File: pgfcoretransparency.code.tex 2020/01/08 v3.1.5b (3.1.5b)
)
(c:/Users/AKF/AppData/Roaming/TinyTeX/texmf-dist/tex/generic/pgf/basiclayer/pgf
corepatterns.code.tex
File: pgfcorepatterns.code.tex 2020/01/08 v3.1.5b (3.1.5b)
)
(c:/Users/AKF/AppData/Roaming/TinyTeX/texmf-dist/tex/generic/pgf/basiclayer/pgf
corerdf.code.tex
File: pgfcorerdf.code.tex 2020/01/08 v3.1.5b (3.1.5b)
)))
(c:/Users/AKF/AppData/Roaming/TinyTeX/texmf-dist/tex/generic/pgf/modules/pgfmod
uleshapes.code.tex
File: pgfmoduleshapes.code.tex 2020/01/08 v3.1.5b (3.1.5b)
\pgfnodeparttextbox=\box64
)
(c:/Users/AKF/AppData/Roaming/TinyTeX/texmf-dist/tex/generic/pgf/modules/pgfmod
uleplot.code.tex
File: pgfmoduleplot.code.tex 2020/01/08 v3.1.5b (3.1.5b)
)
(c:/Users/AKF/AppData/Roaming/TinyTeX/texmf-dist/tex/latex/pgf/compatibility/pg
fcomp-version-0-65.sty
Package: pgfcomp-version-0-65 2020/01/08 v3.1.5b (3.1.5b)
\pgf@nodesepstart=\dimen300
\pgf@nodesepend=\dimen301
)
(c:/Users/AKF/AppData/Roaming/TinyTeX/texmf-dist/tex/latex/pgf/compatibility/pg
fcomp-version-1-18.sty
Package: pgfcomp-version-1-18 2020/01/08 v3.1.5b (3.1.5b)
))
(c:/Users/AKF/AppData/Roaming/TinyTeX/texmf-dist/tex/latex/pgf/utilities/pgffor
.sty
(c:/Users/AKF/AppData/Roaming/TinyTeX/texmf-dist/tex/latex/pgf/utilities/pgfkey
s.sty
(c:/Users/AKF/AppData/Roaming/TinyTeX/texmf-dist/tex/generic/pgf/utilities/pgfk
eys.code.tex))
(c:/Users/AKF/AppData/Roaming/TinyTeX/texmf-dist/tex/latex/pgf/math/pgfmath.sty

(c:/Users/AKF/AppData/Roaming/TinyTeX/texmf-dist/tex/generic/pgf/math/pgfmath.c
ode.tex))
(c:/Users/AKF/AppData/Roaming/TinyTeX/texmf-dist/tex/generic/pgf/utilities/pgff
or.code.tex
Package: pgffor 2020/01/08 v3.1.5b (3.1.5b)

(c:/Users/AKF/AppData/Roaming/TinyTeX/texmf-dist/tex/generic/pgf/math/pgfmath.c
ode.tex)
\pgffor@iter=\dimen302
\pgffor@skip=\dimen303
\pgffor@stack=\toks45
\pgffor@toks=\toks46
))
(c:/Users/AKF/AppData/Roaming/TinyTeX/texmf-dist/tex/generic/pgf/frontendlayer/
tikz/tikz.code.tex
Package: tikz 2020/01/08 v3.1.5b (3.1.5b)

(c:/Users/AKF/AppData/Roaming/TinyTeX/texmf-dist/tex/generic/pgf/libraries/pgfl
ibraryplothandlers.code.tex
File: pgflibraryplothandlers.code.tex 2020/01/08 v3.1.5b (3.1.5b)
\pgf@plot@mark@count=\count346
\pgfplotmarksize=\dimen304
)
\tikz@lastx=\dimen305
\tikz@lasty=\dimen306
\tikz@lastxsaved=\dimen307
\tikz@lastysaved=\dimen308
\tikz@lastmovetox=\dimen309
\tikz@lastmovetoy=\dimen310
\tikzleveldistance=\dimen311
\tikzsiblingdistance=\dimen312
\tikz@figbox=\box65
\tikz@figbox@bg=\box66
\tikz@tempbox=\box67
\tikz@tempbox@bg=\box68
\tikztreelevel=\count347
\tikznumberofchildren=\count348
\tikznumberofcurrentchild=\count349
\tikz@fig@count=\count350

(c:/Users/AKF/AppData/Roaming/TinyTeX/texmf-dist/tex/generic/pgf/modules/pgfmod
ulematrix.code.tex
File: pgfmodulematrix.code.tex 2020/01/08 v3.1.5b (3.1.5b)
\pgfmatrixcurrentrow=\count351
\pgfmatrixcurrentcolumn=\count352
\pgf@matrix@numberofcolumns=\count353
)
\tikz@expandcount=\count354

(c:/Users/AKF/AppData/Roaming/TinyTeX/texmf-dist/tex/generic/pgf/frontendlayer/
tikz/libraries/tikzlibrarytopaths.code.tex
File: tikzlibrarytopaths.code.tex 2020/01/08 v3.1.5b (3.1.5b)
)))
(c:/Users/AKF/AppData/Roaming/TinyTeX/texmf-dist/tex/latex/pgfplots/pgfplots.st
y
(c:/Users/AKF/AppData/Roaming/TinyTeX/texmf-dist/tex/generic/pgfplots/pgfplots.
revision.tex)
Package: pgfplots 2018/03/28 v1.16 Data Visualization (1.16)

(c:/Users/AKF/AppData/Roaming/TinyTeX/texmf-dist/tex/generic/pgfplots/pgfplots.
code.tex
(c:/Users/AKF/AppData/Roaming/TinyTeX/texmf-dist/tex/generic/pgfplots/pgfplotsc
ore.code.tex
\t@pgfplots@toka=\toks47
\t@pgfplots@tokb=\toks48
\t@pgfplots@tokc=\toks49
\pgfplots@tmpa=\dimen313
\c@pgfplots@coordindex=\count355
\c@pgfplots@scanlineindex=\count356

(c:/Users/AKF/AppData/Roaming/TinyTeX/texmf-dist/tex/generic/pgfplots/sys/pgfpl
otssysgeneric.code.tex))
(c:/Users/AKF/AppData/Roaming/TinyTeX/texmf-dist/tex/generic/pgfplots/libs/pgfp
lotslibrary.code.tex)
(c:/Users/AKF/AppData/Roaming/TinyTeX/texmf-dist/tex/generic/pgfplots/oldpgfcom
patib/pgfplotsoldpgfsupp_loader.code.tex
(c:/Users/AKF/AppData/Roaming/TinyTeX/texmf-dist/tex/generic/pgf/libraries/pgfl
ibraryfpu.code.tex))
(c:/Users/AKF/AppData/Roaming/TinyTeX/texmf-dist/tex/generic/pgfplots/util/pgfp
lotsutil.code.tex
(c:/Users/AKF/AppData/Roaming/TinyTeX/texmf-dist/tex/generic/pgfplots/liststruc
ture/pgfplotsliststructure.code.tex)
(c:/Users/AKF/AppData/Roaming/TinyTeX/texmf-dist/tex/generic/pgfplots/liststruc
ture/pgfplotsliststructureext.code.tex)
(c:/Users/AKF/AppData/Roaming/TinyTeX/texmf-dist/tex/generic/pgfplots/liststruc
ture/pgfplotsarray.code.tex
\c@pgfplotsarray@tmp=\count357
)
(c:/Users/AKF/AppData/Roaming/TinyTeX/texmf-dist/tex/generic/pgfplots/liststruc
ture/pgfplotsmatrix.code.tex)
(c:/Users/AKF/AppData/Roaming/TinyTeX/texmf-dist/tex/generic/pgfplots/numtable/
pgfplotstableshared.code.tex
\c@pgfplotstable@counta=\count358
\t@pgfplotstable@a=\toks50
)
(c:/Users/AKF/AppData/Roaming/TinyTeX/texmf-dist/tex/generic/pgfplots/liststruc
ture/pgfplotsdeque.code.tex)
(c:/Users/AKF/AppData/Roaming/TinyTeX/texmf-dist/tex/generic/pgfplots/util/pgfp
lotsbinary.code.tex
(c:/Users/AKF/AppData/Roaming/TinyTeX/texmf-dist/tex/generic/pgfplots/util/pgfp
lotsbinary.data.code.tex))
(c:/Users/AKF/AppData/Roaming/TinyTeX/texmf-dist/tex/generic/pgfplots/util/pgfp
lotsutil.verb.code.tex)
(c:/Users/AKF/AppData/Roaming/TinyTeX/texmf-dist/tex/generic/pgfplots/libs/pgfl
ibrarypgfplots.surfshading.code.tex
\c@pgfplotslibrarysurf@no=\count359

(c:/Users/AKF/AppData/Roaming/TinyTeX/texmf-dist/tex/generic/pgfplots/sys/pgfli
brarypgfplots.surfshading.pgfsys-pdftex.def)))
(c:/Users/AKF/AppData/Roaming/TinyTeX/texmf-dist/tex/generic/pgfplots/util/pgfp
lotscolormap.code.tex
(c:/Users/AKF/AppData/Roaming/TinyTeX/texmf-dist/tex/generic/pgfplots/util/pgfp
lotscolor.code.tex))
(c:/Users/AKF/AppData/Roaming/TinyTeX/texmf-dist/tex/generic/pgfplots/pgfplotss
tackedplots.code.tex)
(c:/Users/AKF/AppData/Roaming/TinyTeX/texmf-dist/tex/generic/pgfplots/pgfplotsp
lothandlers.code.tex
(c:/Users/AKF/AppData/Roaming/TinyTeX/texmf-dist/tex/generic/pgfplots/pgfplotsm
eshplothandler.code.tex
(c:/Users/AKF/AppData/Roaming/TinyTeX/texmf-dist/tex/generic/pgfplots/pgfplotsm
eshplotimage.code.tex)))
(c:/Users/AKF/AppData/Roaming/TinyTeX/texmf-dist/tex/generic/pgfplots/pgfplots.
scaling.code.tex)
(c:/Users/AKF/AppData/Roaming/TinyTeX/texmf-dist/tex/generic/pgfplots/pgfplotsc
oordprocessing.code.tex)
(c:/Users/AKF/AppData/Roaming/TinyTeX/texmf-dist/tex/generic/pgfplots/pgfplots.
errorbars.code.tex)
(c:/Users/AKF/AppData/Roaming/TinyTeX/texmf-dist/tex/generic/pgfplots/pgfplots.
markers.code.tex)
(c:/Users/AKF/AppData/Roaming/TinyTeX/texmf-dist/tex/generic/pgfplots/pgfplotst
icks.code.tex)
(c:/Users/AKF/AppData/Roaming/TinyTeX/texmf-dist/tex/generic/pgfplots/pgfplots.
paths.code.tex)
(c:/Users/AKF/AppData/Roaming/TinyTeX/texmf-dist/tex/generic/pgf/frontendlayer/
tikz/libraries/tikzlibrarydecorations.code.tex
(c:/Users/AKF/AppData/Roaming/TinyTeX/texmf-dist/tex/generic/pgf/modules/pgfmod
uledecorations.code.tex
\pgfdecoratedcompleteddistance=\dimen314
\pgfdecoratedremainingdistance=\dimen315
\pgfdecoratedinputsegmentcompleteddistance=\dimen316
\pgfdecoratedinputsegmentremainingdistance=\dimen317
\pgf@decorate@distancetomove=\dimen318
\pgf@decorate@repeatstate=\count360
\pgfdecorationsegmentamplitude=\dimen319
\pgfdecorationsegmentlength=\dimen320
)
\tikz@lib@dec@box=\box69
)
(c:/Users/AKF/AppData/Roaming/TinyTeX/texmf-dist/tex/generic/pgf/frontendlayer/
tikz/libraries/tikzlibrarydecorations.pathmorphing.code.tex
(c:/Users/AKF/AppData/Roaming/TinyTeX/texmf-dist/tex/generic/pgf/libraries/deco
rations/pgflibrarydecorations.pathmorphing.code.tex))
(c:/Users/AKF/AppData/Roaming/TinyTeX/texmf-dist/tex/generic/pgf/frontendlayer/
tikz/libraries/tikzlibrarydecorations.pathreplacing.code.tex
(c:/Users/AKF/AppData/Roaming/TinyTeX/texmf-dist/tex/generic/pgf/libraries/deco
rations/pgflibrarydecorations.pathreplacing.code.tex))
\pgfplots@numplots=\count361
\pgfplots@xmin@reg=\dimen321
\pgfplots@xmax@reg=\dimen322
\pgfplots@ymin@reg=\dimen323
\pgfplots@ymax@reg=\dimen324
\pgfplots@zmin@reg=\dimen325
\pgfplots@zmax@reg=\dimen326
)
(c:/Users/AKF/AppData/Roaming/TinyTeX/texmf-dist/tex/generic/pgf/frontendlayer/
tikz/libraries/tikzlibraryplotmarks.code.tex
File: tikzlibraryplotmarks.code.tex 2020/01/08 v3.1.5b (3.1.5b)

(c:/Users/AKF/AppData/Roaming/TinyTeX/texmf-dist/tex/generic/pgf/libraries/pgfl
ibraryplotmarks.code.tex
File: pgflibraryplotmarks.code.tex 2020/01/08 v3.1.5b (3.1.5b)
)))
(c:/Users/AKF/AppData/Roaming/TinyTeX/texmf-dist/tex/generic/pgf/frontendlayer/
tikz/libraries/tikzlibraryshapes.code.tex
File: tikzlibraryshapes.code.tex 2020/01/08 v3.1.5b (3.1.5b)

(c:/Users/AKF/AppData/Roaming/TinyTeX/texmf-dist/tex/generic/pgf/frontendlayer/
tikz/libraries/tikzlibraryshapes.geometric.code.tex
File: tikzlibraryshapes.geometric.code.tex 2020/01/08 v3.1.5b (3.1.5b)

(c:/Users/AKF/AppData/Roaming/TinyTeX/texmf-dist/tex/generic/pgf/libraries/shap
es/pgflibraryshapes.geometric.code.tex
File: pgflibraryshapes.geometric.code.tex 2020/01/08 v3.1.5b (3.1.5b)
))
(c:/Users/AKF/AppData/Roaming/TinyTeX/texmf-dist/tex/generic/pgf/frontendlayer/
tikz/libraries/tikzlibraryshapes.misc.code.tex
File: tikzlibraryshapes.misc.code.tex 2020/01/08 v3.1.5b (3.1.5b)

(c:/Users/AKF/AppData/Roaming/TinyTeX/texmf-dist/tex/generic/pgf/libraries/shap
es/pgflibraryshapes.misc.code.tex
File: pgflibraryshapes.misc.code.tex 2020/01/08 v3.1.5b (3.1.5b)
))
(c:/Users/AKF/AppData/Roaming/TinyTeX/texmf-dist/tex/generic/pgf/frontendlayer/
tikz/libraries/tikzlibraryshapes.symbols.code.tex
File: tikzlibraryshapes.symbols.code.tex 2020/01/08 v3.1.5b (3.1.5b)

(c:/Users/AKF/AppData/Roaming/TinyTeX/texmf-dist/tex/generic/pgf/libraries/shap
es/pgflibraryshapes.symbols.code.tex
File: pgflibraryshapes.symbols.code.tex 2020/01/08 v3.1.5b (3.1.5b)
))
(c:/Users/AKF/AppData/Roaming/TinyTeX/texmf-dist/tex/generic/pgf/frontendlayer/
tikz/libraries/tikzlibraryshapes.arrows.code.tex
File: tikzlibraryshapes.arrows.code.tex 2020/01/08 v3.1.5b (3.1.5b)

(c:/Users/AKF/AppData/Roaming/TinyTeX/texmf-dist/tex/generic/pgf/libraries/shap
es/pgflibraryshapes.arrows.code.tex
File: pgflibraryshapes.arrows.code.tex 2020/01/08 v3.1.5b (3.1.5b)
))
(c:/Users/AKF/AppData/Roaming/TinyTeX/texmf-dist/tex/generic/pgf/frontendlayer/
tikz/libraries/tikzlibraryshapes.callouts.code.tex
(c:/Users/AKF/AppData/Roaming/TinyTeX/texmf-dist/tex/generic/pgf/libraries/shap
es/pgflibraryshapes.callouts.code.tex))
(c:/Users/AKF/AppData/Roaming/TinyTeX/texmf-dist/tex/generic/pgf/frontendlayer/
tikz/libraries/tikzlibraryshapes.multipart.code.tex
File: tikzlibraryshapes.multipart.code.tex 2020/01/08 v3.1.5b (3.1.5b)

(c:/Users/AKF/AppData/Roaming/TinyTeX/texmf-dist/tex/generic/pgf/libraries/shap
es/pgflibraryshapes.multipart.code.tex
File: pgflibraryshapes.multipart.code.tex 2020/01/08 v3.1.5b (3.1.5b)
\pgfnodepartlowerbox=\box70
\pgfnodeparttwobox=\box71
\pgfnodepartthreebox=\box72
\pgfnodepartfourbox=\box73
\pgfnodeparttwentybox=\box74
\pgfnodepartnineteenbox=\box75
\pgfnodeparteighteenbox=\box76
\pgfnodepartseventeenbox=\box77
\pgfnodepartsixteenbox=\box78
\pgfnodepartfifteenbox=\box79
\pgfnodepartfourteenbox=\box80
\pgfnodepartthirteenbox=\box81
\pgfnodeparttwelvebox=\box82
\pgfnodepartelevenbox=\box83
\pgfnodeparttenbox=\box84
\pgfnodepartninebox=\box85
\pgfnodeparteightbox=\box86
\pgfnodepartsevenbox=\box87
\pgfnodepartsixbox=\box88
\pgfnodepartfivebox=\box89
)))
(c:/Users/AKF/AppData/Roaming/TinyTeX/texmf-dist/tex/generic/pgf/frontendlayer/
tikz/libraries/tikzlibraryarrows.code.tex
File: tikzlibraryarrows.code.tex 2020/01/08 v3.1.5b (3.1.5b)

(c:/Users/AKF/AppData/Roaming/TinyTeX/texmf-dist/tex/generic/pgf/libraries/pgfl
ibraryarrows.code.tex
File: pgflibraryarrows.code.tex 2020/01/08 v3.1.5b (3.1.5b)
\arrowsize=\dimen327
))
(c:/Users/AKF/AppData/Roaming/TinyTeX/texmf-dist/tex/generic/pgf/frontendlayer/
tikz/libraries/tikzlibrarypositioning.code.tex
File: tikzlibrarypositioning.code.tex 2020/01/08 v3.1.5b (3.1.5b)
)
(c:/Users/AKF/AppData/Roaming/TinyTeX/texmf-dist/tex/generic/pgf/frontendlayer/
tikz/libraries/tikzlibrarymatrix.code.tex
File: tikzlibrarymatrix.code.tex 2020/01/08 v3.1.5b (3.1.5b)
)
(c:/Users/AKF/AppData/Roaming/TinyTeX/texmf-dist/tex/generic/pgf/libraries/pgfl
ibraryarrows.meta.code.tex
File: pgflibraryarrows.meta.code.tex 2020/01/08 v3.1.5b (3.1.5b)
\pgfarrowinset=\dimen328
\pgfarrowlength=\dimen329
\pgfarrowwidth=\dimen330
\pgfarrowlinewidth=\dimen331
)
(c:/Users/AKF/AppData/Roaming/TinyTeX/texmf-dist/tex/generic/pgfplots/libs/tikz
librarypgfplots.groupplots.code.tex
\pgfplots@group@current@plot=\count362
\pgfplots@group@current@row=\count363
\pgfplots@group@current@column=\count364

(c:/Users/AKF/AppData/Roaming/TinyTeX/texmf-dist/tex/generic/pgf/frontendlayer/
tikz/libraries/tikzlibrarycalc.code.tex
File: tikzlibrarycalc.code.tex 2020/01/08 v3.1.5b (3.1.5b)
)) (./Master_Thesis_Andreas_Kracht_Frandsen.aux)
\openout1 = `Master_Thesis_Andreas_Kracht_Frandsen.aux'.

LaTeX Font Info:    Checking defaults for OML/cmm/m/it on input line 125.
LaTeX Font Info:    ... okay on input line 125.
LaTeX Font Info:    Checking defaults for OMS/cmsy/m/n on input line 125.
LaTeX Font Info:    ... okay on input line 125.
LaTeX Font Info:    Checking defaults for OT1/cmr/m/n on input line 125.
LaTeX Font Info:    ... okay on input line 125.
LaTeX Font Info:    Checking defaults for T1/cmr/m/n on input line 125.
LaTeX Font Info:    ... okay on input line 125.
LaTeX Font Info:    Checking defaults for TS1/cmr/m/n on input line 125.
LaTeX Font Info:    ... okay on input line 125.
LaTeX Font Info:    Checking defaults for OMX/cmex/m/n on input line 125.
LaTeX Font Info:    ... okay on input line 125.
LaTeX Font Info:    Checking defaults for U/cmr/m/n on input line 125.
LaTeX Font Info:    ... okay on input line 125.
LaTeX Font Info:    Checking defaults for PD1/pdf/m/n on input line 125.
LaTeX Font Info:    ... okay on input line 125.
LaTeX Font Info:    Checking defaults for PU/pdf/m/n on input line 125.
LaTeX Font Info:    ... okay on input line 125.
\AtBeginShipoutBox=\box90
Package hyperref Info: Link coloring ON on input line 125.

(c:/Users/AKF/AppData/Roaming/TinyTeX/texmf-dist/tex/latex/hyperref/nameref.sty
Package: nameref 2019/09/16 v2.46 Cross-referencing by name of section

(c:/Users/AKF/AppData/Roaming/TinyTeX/texmf-dist/tex/latex/refcount/refcount.st
y
Package: refcount 2019/12/15 v3.6 Data extraction from label references (HO)
)
(c:/Users/AKF/AppData/Roaming/TinyTeX/texmf-dist/tex/generic/gettitlestring/get
titlestring.sty
Package: gettitlestring 2019/12/15 v1.6 Cleanup title references (HO)
)
\c@section@level=\count365
)
Redoing nameref's sectioning
Redoing nameref's label
LaTeX Info: Redefining \nameref on input line 125.
LaTeX Info: Redefining \ref on input line 125.
LaTeX Info: Redefining \pageref on input line 125.
LaTeX Info: Redefining \nameref on input line 125.
(./Master_Thesis_Andreas_Kracht_Frandsen.out) (./Master_Thesis_Andreas_Kracht_F
randsen.out)
\@outlinefile=\write5
\openout5 = `Master_Thesis_Andreas_Kracht_Frandsen.out'.


(c:/Users/AKF/AppData/Roaming/TinyTeX/texmf-dist/tex/latex/epstopdf-pkg/epstopd
f-base.sty
Package: epstopdf-base 2020-01-24 v2.11 Base part for package epstopdf
Package epstopdf-base Info: Redefining graphics rule for `.eps' on input line 4
85.

(c:/Users/AKF/AppData/Roaming/TinyTeX/texmf-dist/tex/latex/latexconfig/epstopdf
-sys.cfg
File: epstopdf-sys.cfg 2010/07/13 v1.3 Configuration of (r)epstopdf for TeX Liv
e
))
*geometry* driver: auto-detecting
*geometry* detected driver: pdftex
*geometry* verbose mode - [ preamble ] result:
* driver: pdftex
* paper: a4paper
* layout: <same size as paper>
* layoutoffset:(h,v)=(0.0pt,0.0pt)
* modes: 
* h-part:(L,W,R)=(78.24507pt, 441.01772pt, 78.24509pt)
* v-part:(T,H,B)=(71.13188pt, 702.78308pt, 71.13188pt)
* \paperwidth=597.50787pt
* \paperheight=845.04684pt
* \textwidth=441.01772pt
* \textheight=702.78308pt
* \oddsidemargin=5.97508pt
* \evensidemargin=5.97508pt
* \topmargin=-31.2056pt
* \headheight=12.0pt
* \headsep=18.06749pt
* \topskip=10.0pt
* \footskip=25.29494pt
* \marginparwidth=63.0pt
* \marginparsep=7.0pt
* \columnsep=10.0pt
* \skip\footins=12.0pt plus 4.0pt minus 4.0pt
* \hoffset=0.0pt
* \voffset=0.0pt
* \mag=1000
* \@twocolumnfalse
* \@twosidefalse
* \@mparswitchfalse
* \@reversemarginfalse
* (1in=72.27pt=25.4mm, 1cm=28.453pt)

ABD: EveryShipout initializing macros
Package pgfplots notification 'compat/show suggested version=true': document ha
s been generated with the most recent feature set (\pgfplotsset{compat=1.16}).

LaTeX Font Info:    Trying to load font information for OT1+ppl on input line 1
42.
(c:/Users/AKF/AppData/Roaming/TinyTeX/texmf-dist/tex/latex/psnfss/ot1ppl.fd
File: ot1ppl.fd 2001/06/04 font definitions for OT1/ppl.
)
LaTeX Font Info:    Trying to load font information for OML+zplm on input line 
142.
(c:/Users/AKF/AppData/Roaming/TinyTeX/texmf-dist/tex/latex/psnfss/omlzplm.fd
File: omlzplm.fd 2002/09/08 Fontinst v1.914 font definitions for OML/zplm.
)
LaTeX Font Info:    Trying to load font information for OMS+zplm on input line 
142.
(c:/Users/AKF/AppData/Roaming/TinyTeX/texmf-dist/tex/latex/psnfss/omszplm.fd
File: omszplm.fd 2002/09/08 Fontinst v1.914 font definitions for OMS/zplm.
)
LaTeX Font Info:    Trying to load font information for OMX+zplm on input line 
142.
(c:/Users/AKF/AppData/Roaming/TinyTeX/texmf-dist/tex/latex/psnfss/omxzplm.fd
File: omxzplm.fd 2002/09/08 Fontinst v1.914 font definitions for OMX/zplm.
)
LaTeX Font Info:    Trying to load font information for OT1+zplm on input line 
142.
(c:/Users/AKF/AppData/Roaming/TinyTeX/texmf-dist/tex/latex/psnfss/ot1zplm.fd
File: ot1zplm.fd 2002/09/08 Fontinst v1.914 font definitions for OT1/zplm.
)
LaTeX Font Info:    Font shape `U/msa/m/n' will be
(Font)              scaled to size 12.50409pt on input line 142.
LaTeX Font Info:    Font shape `U/msa/m/n' will be
(Font)              scaled to size 9.37807pt on input line 142.
LaTeX Font Info:    Font shape `U/msa/m/n' will be
(Font)              scaled to size 7.29405pt on input line 142.
LaTeX Font Info:    Font shape `U/msb/m/n' will be
(Font)              scaled to size 12.50409pt on input line 142.
LaTeX Font Info:    Font shape `U/msb/m/n' will be
(Font)              scaled to size 9.37807pt on input line 142.
LaTeX Font Info:    Font shape `U/msb/m/n' will be
(Font)              scaled to size 7.29405pt on input line 142.
LaTeX Font Info:    Trying to load font information for TS1+ppl on input line 1
42.
(c:/Users/AKF/AppData/Roaming/TinyTeX/texmf-dist/tex/latex/psnfss/ts1ppl.fd
File: ts1ppl.fd 2001/06/04 font definitions for TS1/ppl.
)
LaTeX Font Info:    Font shape `U/msa/m/n' will be
(Font)              scaled to size 5.21004pt on input line 142.
LaTeX Font Info:    Font shape `U/msb/m/n' will be
(Font)              scaled to size 5.21004pt on input line 142.
<latex/ausegl_sort.png, id=125, 569.12625pt x 569.12625pt>
File: latex/ausegl_sort.png Graphic file (type png)
<use latex/ausegl_sort.png>
Package pdftex.def Info: latex/ausegl_sort.png  used on input line 159.
(pdftex.def)             Requested size: 176.40126pt x 176.40126pt.
LaTeX Font Info:    Font shape `U/msa/m/n' will be
(Font)              scaled to size 10.42007pt on input line 168.
LaTeX Font Info:    Font shape `U/msa/m/n' will be
(Font)              scaled to size 7.91925pt on input line 168.
LaTeX Font Info:    Font shape `U/msa/m/n' will be
(Font)              scaled to size 6.25204pt on input line 168.
LaTeX Font Info:    Font shape `U/msb/m/n' will be
(Font)              scaled to size 10.42007pt on input line 168.
LaTeX Font Info:    Font shape `U/msb/m/n' will be
(Font)              scaled to size 7.91925pt on input line 168.
LaTeX Font Info:    Font shape `U/msb/m/n' will be
(Font)              scaled to size 6.25204pt on input line 168.
[1

{c:/Users/AKF/AppData/Roaming/TinyTeX/texmf-var/fonts/map/pdftex/updmap/pdftex.
map} <./latex/ausegl_sort.png>]pdfTeX warning (ext4): destination with the same
 identifier (name{page.}) has been already used, duplicate ignored
<to be read again> 
                   \relax 
l.182 \newpage
               [1

] (./Master_Thesis_Andreas_Kracht_Frandsen.toc) [1] (./Master_Thesis_Andreas_Kr
acht_Frandsen.lof) (./Master_Thesis_Andreas_Kracht_Frandsen.lot) [2] [3

] [1

] [2

] [3

] [4]
LaTeX Font Info:    Trying to load font information for U+fplmbb on input line 
259.
(c:/Users/AKF/AppData/Roaming/TinyTeX/texmf-dist/tex/latex/psnfss/ufplmbb.fd
File: ufplmbb.fd 2003/10/30 Fontinst v1.914 font definitions for U/fplmbb.
)
LaTeX Font Info:    Font shape `U/msa/m/n' will be
(Font)              scaled to size 8.33606pt on input line 259.
LaTeX Font Info:    Font shape `U/msb/m/n' will be
(Font)              scaled to size 8.33606pt on input line 259.
[5

] [6] [7] [8] [9]

Package natbib Warning: Citation `Meucci2005' on page 10 undefined on input lin
e 457.

[10]
LaTeX Font Info:    Font shape `U/msa/m/n' will be
(Font)              scaled to size 11.40997pt on input line 546.
LaTeX Font Info:    Font shape `U/msb/m/n' will be
(Font)              scaled to size 11.40997pt on input line 546.

Package hyperref Warning: Token not allowed in a PDF string (Unicode):
(hyperref)                removing `math shift' on input line 546.


Package hyperref Warning: Token not allowed in a PDF string (Unicode):
(hyperref)                removing `math shift' on input line 546.


Overfull \hbox (6.94882pt too wide) detected at line 554
[]
 []

[11]

Package hyperref Warning: Token not allowed in a PDF string (Unicode):
(hyperref)                removing `math shift' on input line 591.


Package hyperref Warning: Token not allowed in a PDF string (Unicode):
(hyperref)                removing `math shift' on input line 591.

[12]

Package natbib Warning: Citation `Pope1990' on page 13 undefined on input line 
643.


Package natbib Warning: Citation `Engsted2012' on page 13 undefined on input li
ne 643.


Package natbib Warning: Citation `Pope1990' on page 13 undefined on input line 
643.


Package natbib Warning: Citation `Pope1990' on page 13 undefined on input line 
651.


Package natbib Warning: Citation `Engsted2012' on page 13 undefined on input li
ne 651.


Package natbib Warning: Citation `Engsted2012' on page 13 undefined on input li
ne 653.

[13]

Package natbib Warning: Citation `Frankfurter1971' on page 14 undefined on inpu
t line 663.


Package natbib Warning: Citation `Chopra1993' on page 14 undefined on input lin
e 663.


Package natbib Warning: Citation `Merton1980' on page 14 undefined on input lin
e 663.


Package natbib Warning: Citation `Jorion1986' on page 14 undefined on input lin
e 663.


Package natbib Warning: Citation `MacKinlay2000' on page 14 undefined on input 
line 663.

[14

] (./Master_Thesis_Andreas_Kracht_Frandsen.bbl [15

] [16

])

Package natbib Warning: There were undefined citations.

[17]
\tf@toc=\write6
\openout6 = `Master_Thesis_Andreas_Kracht_Frandsen.toc'.

\tf@lof=\write7
\openout7 = `Master_Thesis_Andreas_Kracht_Frandsen.lof'.

\tf@lot=\write8
\openout8 = `Master_Thesis_Andreas_Kracht_Frandsen.lot'.

Package atveryend Info: Empty hook `BeforeClearDocument' on input line 694.
Package atveryend Info: Empty hook `AfterLastShipout' on input line 694.
(./Master_Thesis_Andreas_Kracht_Frandsen.aux)
Package atveryend Info: Executing hook `AtVeryEndDocument' on input line 694.
Package atveryend Info: Executing hook `AtEndAfterFileList' on input line 694.
Package rerunfilecheck Info: File `Master_Thesis_Andreas_Kracht_Frandsen.out' h
as not changed.
(rerunfilecheck)             Checksum: 7B5A912550B398864A07B873E5028871;4037.
Package atveryend Info: Empty hook `AtVeryVeryEnd' on input line 694.
 ) 
Here is how much of TeX's memory you used:
 39276 strings out of 482923
 889658 string characters out of 5958132
 1509121 words of memory out of 5000000
 53714 multiletter control sequences out of 15000+600000
 606544 words of font info for 202 fonts, out of 8000000 for 9000
 14 hyphenation exceptions out of 8191
 78i,12n,136p,1034b,2092s stack positions out of 5000i,500n,10000p,200000b,80000s
pdfTeX warning (dest): name{Hfootnote.3} has been referenced but does not exi
st, replaced by a fixed one

pdfTeX warning (dest): name{Hfootnote.2} has been referenced but does not exist
, replaced by a fixed one

pdfTeX warning (dest): name{Hfootnote.1} has been referenced but does not exist
, replaced by a fixed one

{c:/Users/AKF/AppData/Roaming/TinyTeX/texmf-dist/fonts/enc/dvips/base/8r.enc}<c
:/Users/AKF/AppData/Roaming/TinyTeX/texmf-dist/fonts/type1/public/amsfonts/cm/c
mex10.pfb><c:/Users/AKF/AppData/Roaming/TinyTeX/texmf-dist/fonts/type1/public/a
msfonts/cm/cmmi10.pfb><c:/Users/AKF/AppData/Roaming/TinyTeX/texmf-dist/fonts/ty
pe1/public/amsfonts/cm/cmmib10.pfb><c:/Users/AKF/AppData/Roaming/TinyTeX/texmf-
dist/fonts/type1/public/amsfonts/cm/cmr10.pfb><c:/Users/AKF/AppData/Roaming/Tin
yTeX/texmf-dist/fonts/type1/public/amsfonts/cm/cmsy10.pfb><c:/Users/AKF/AppData
/Roaming/TinyTeX/texmf-dist/fonts/type1/public/mathpazo/fplmb.pfb><c:/Users/AKF
/AppData/Roaming/TinyTeX/texmf-dist/fonts/type1/public/mathpazo/fplmbb.pfb><c:/
Users/AKF/AppData/Roaming/TinyTeX/texmf-dist/fonts/type1/public/mathpazo/fplmbi
.pfb><c:/Users/AKF/AppData/Roaming/TinyTeX/texmf-dist/fonts/type1/public/mathpa
zo/fplmr.pfb><c:/Users/AKF/AppData/Roaming/TinyTeX/texmf-dist/fonts/type1/publi
c/mathpazo/fplmri.pfb><c:/Users/AKF/AppData/Roaming/TinyTeX/texmf-dist/fonts/ty
pe1/urw/palatino/uplb8a.pfb><c:/Users/AKF/AppData/Roaming/TinyTeX/texmf-dist/fo
nts/type1/urw/palatino/uplbi8a.pfb><c:/Users/AKF/AppData/Roaming/TinyTeX/texmf-
dist/fonts/type1/urw/palatino/uplr8a.pfb><c:/Users/AKF/AppData/Roaming/TinyTeX/
texmf-dist/fonts/type1/urw/palatino/uplr8a.pfb><c:/Users/AKF/AppData/Roaming/Ti
nyTeX/texmf-dist/fonts/type1/urw/palatino/uplri8a.pfb>
Output written on Master_Thesis_Andreas_Kracht_Frandsen.pdf (22 pages, 236865 b
ytes).
PDF statistics:
 522 PDF objects out of 1000 (max. 8388607)
 476 compressed objects within 5 object streams
 128 named destinations out of 1000 (max. 500000)
 250 words of extra memory for PDF output out of 10000 (max. 10000000)

